<?xml version="1.0" encoding="UTF-8"?>
<testsuite xmlns:xsi="http://www.w3.org/2001/XMLSchema-instance" xsi:noNamespaceSchemaLocation="https://maven.apache.org/surefire/maven-surefire-plugin/xsd/surefire-test-report-3.0.xsd" version="3.0" name="TestSuite" time="113.531" tests="4" errors="0" skipped="0" failures="0">
  <properties>
[...]
</properties>
  <testcase name="Add_Product_From_Store" classname="Tests.Tea_Online_Store_Tests" time="62.78"/>
  <testcase name="CheckOut_Order_Test" classname="Tests.Tea_Online_Store_Tests" time="20.221"/>
  <testcase name="Subscribe" classname="Tests.Tea_Online_Store_Tests" time="8.767"/>
  <testcase name="Submit_Query" classname="Tests.Tea_Online_Store_Tests" time="7.177"/>
</testsuite>